<?xml version="1.0" encoding="UTF-8"?>
<testsuite xmlns:xsi="http://www.w3.org/2001/XMLSchema-instance" xsi:noNamespaceSchemaLocation="https://maven.apache.org/surefire/maven-surefire-plugin/xsd/surefire-test-report.xsd" version="3.0.2" name="TestSuite" time="43.823" tests="3" errors="0" skipped="0" failures="1">
  <properties>
[...]
</properties>
  <testcase name="runScenario[&quot;User should be logged in successfully with valid credentials&quot;, &quot;Login Functionality for Ecommerce.&quot;](1)" classname="testRunners.LoginPageRunner" time="21.545">
    <failure message="no such element: Unable to locate element: {&quot;method&quot;:&quot;css selector&quot;,&quot;selector&quot;:&quot;*[name=&apos;login-button&apos;]&quot;}&#10;  (Session info: MicrosoftEdge=132.0.2957.140)&#10;For documentation on this error, please visit: https://www.selenium.dev/documentation/webdriver/troubleshooting/errors#no-such-element-exception&#10;Build info: version: &apos;4.27.0&apos;, revision: &apos;d6e718d134&apos;&#10;System info: os.name: &apos;Windows 11&apos;, os.arch: &apos;amd64&apos;, os.version: &apos;10.0&apos;, java.version: &apos;21.0.6&apos;&#10;Driver info: org.openqa.selenium.edge.EdgeDriver&#10;Command: [a48455b76d86eeccac4a5ba5052a7040, findElement {value=*[name=&apos;login-button&apos;], using=css selector}]&#10;Capabilities {acceptInsecureCerts: false, browserName: MicrosoftEdge, browserVersion: 132.0.2957.140, fedcm:accounts: true, ms:edgeOptions: {debuggerAddress: localhost:51182}, msedge: {msedgedriverVersion: 132.0.2957.164 (37b624ca592..., userDataDir: C:\Users\91960\AppData\Loca...}, networkConnectionEnabled: false, pageLoadStrategy: normal, platformName: windows, proxy: Proxy(), se:cdp: ws://localhost:51182/devtoo..., se:cdpVersion: 132.0.2957.140, setWindowRect: true, strictFileInteractability: false, timeouts: {implicit: 0, pageLoad: 300000, script: 30000}, unhandledPromptBehavior: dismiss and notify, webauthn:extension:credBlob: true, webauthn:extension:largeBlob: true, webauthn:extension:minPinLength: true, webauthn:extension:prf: true, webauthn:virtualAuthenticators: true}&#10;Session ID: a48455b76d86eeccac4a5ba5052a7040" type="org.openqa.selenium.NoSuchElementException"><![CDATA[org.openqa.selenium.NoSuchElementException: 
no such element: Unable to locate element: {"method":"css selector","selector":"*[name='login-button']"}
  (Session info: MicrosoftEdge=132.0.2957.140)
For documentation on this error, please visit: https://www.selenium.dev/documentation/webdriver/troubleshooting/errors#no-such-element-exception
Build info: version: '4.27.0', revision: 'd6e718d134'
System info: os.name: 'Windows 11', os.arch: 'amd64', os.version: '10.0', java.version: '21.0.6'
Driver info: org.openqa.selenium.edge.EdgeDriver
Command: [a48455b76d86eeccac4a5ba5052a7040, findElement {value=*[name='login-button'], using=css selector}]
Capabilities {acceptInsecureCerts: false, browserName: MicrosoftEdge, browserVersion: 132.0.2957.140, fedcm:accounts: true, ms:edgeOptions: {debuggerAddress: localhost:51182}, msedge: {msedgedriverVersion: 132.0.2957.164 (37b624ca592..., userDataDir: C:\Users\91960\AppData\Loca...}, networkConnectionEnabled: false, pageLoadStrategy: normal, platformName: windows, proxy: Proxy(), se:cdp: ws://localhost:51182/devtoo..., se:cdpVersion: 132.0.2957.140, setWindowRect: true, strictFileInteractability: false, timeouts: {implicit: 0, pageLoad: 300000, script: 30000}, unhandledPromptBehavior: dismiss and notify, webauthn:extension:credBlob: true, webauthn:extension:largeBlob: true, webauthn:extension:minPinLength: true, webauthn:extension:prf: true, webauthn:virtualAuthenticators: true}
Session ID: a48455b76d86eeccac4a5ba5052a7040
	at java.base/jdk.internal.reflect.DirectConstructorHandleAccessor.newInstance(DirectConstructorHandleAccessor.java:62)
	at java.base/java.lang.reflect.Constructor.newInstanceWithCaller(Constructor.java:502)
	at java.base/java.lang.reflect.Constructor.newInstance(Constructor.java:486)
	at org.openqa.selenium.remote.ErrorCodec.decode(ErrorCodec.java:167)
	at org.openqa.selenium.remote.codec.w3c.W3CHttpResponseCodec.decode(W3CHttpResponseCodec.java:138)
	at org.openqa.selenium.remote.codec.w3c.W3CHttpResponseCodec.decode(W3CHttpResponseCodec.java:50)
	at org.openqa.selenium.remote.HttpCommandExecutor.execute(HttpCommandExecutor.java:190)
	at org.openqa.selenium.remote.service.DriverCommandExecutor.invokeExecute(DriverCommandExecutor.java:216)
	at org.openqa.selenium.remote.service.DriverCommandExecutor.execute(DriverCommandExecutor.java:174)
	at org.openqa.selenium.remote.RemoteWebDriver.execute(RemoteWebDriver.java:545)
	at org.openqa.selenium.remote.ElementLocation$ElementFinder$2.findElement(ElementLocation.java:165)
	at org.openqa.selenium.remote.ElementLocation.findElement(ElementLocation.java:59)
	at org.openqa.selenium.remote.RemoteWebDriver.findElement(RemoteWebDriver.java:368)
	at org.openqa.selenium.remote.RemoteWebDriver.findElement(RemoteWebDriver.java:362)
	at org.openqa.selenium.By$PreW3CLocator.findElement(By.java:430)
	at org.openqa.selenium.By$ByName.findElement(By.java:237)
	at org.openqa.selenium.support.ByIdOrName.findElement(ByIdOrName.java:49)
	at org.openqa.selenium.remote.ElementLocation$ElementFinder$1.findElement(ElementLocation.java:139)
	at org.openqa.selenium.remote.ElementLocation.findElement(ElementLocation.java:59)
	at org.openqa.selenium.remote.RemoteWebDriver.findElement(RemoteWebDriver.java:368)
	at org.openqa.selenium.remote.RemoteWebDriver.findElement(RemoteWebDriver.java:362)
	at org.openqa.selenium.support.pagefactory.DefaultElementLocator.findElement(DefaultElementLocator.java:68)
	at org.openqa.selenium.support.pagefactory.internal.LocatingElementHandler.invoke(LocatingElementHandler.java:38)
	at jdk.proxy2/jdk.proxy2.$Proxy24.isEnabled(Unknown Source)
	at uiPages.LoginPage.checkloginPage(LoginPage.java:86)
	at stepDefinitions.LoginPagesteps.i_should_be_logged_out_successfully(LoginPagesteps.java:76)
	at ✽.I should be logged out Successfully(file:///D:/SeleniumAutomation/EcommerceStore/src/test/resources/features/LoginPage.feature:15)
]]></failure>
    <system-out><![CDATA[...
... TestNG 7.10.2 by Cédric Beust (cedric@beust.com)
...


Scenario: User should be logged in successfully with valid credentials                    # src/test/resources/features/LoginPage.feature:10
2025-02-15 11:30:39 INFO  TestBase:49 - driver will launch in Edge Browser
 1 [TestNG-test-Ecommerce login-1] INFO helper.TestBase  - driver will launch in Edge Browser
2025-02-15 11:30:43 INFO  TestBase:64 - Browser Launched with a title: Swag Labs
 3728 [TestNG-test-Ecommerce login-1] INFO helper.TestBase  - Browser Launched with a title: Swag Labs
  Given I am on the login page                                                            # stepDefinitions.LoginPagesteps.i_am_on_the_login_page()
  Given I have entered a valid userName as "standard_user" and Password as "secret_sauce" # stepDefinitions.LoginPagesteps.i_have_entered_a_valid_user_name_as_and_password_as(java.lang.String,java.lang.String)
  When I click on login button                                                            # stepDefinitions.LoginPagesteps.i_click_on_login_button()
2025-02-15 11:30:43 INFO  LoginPagesteps:64 - User Logged in Succesfully
 4257 [TestNG-test-Ecommerce login-1] INFO stepDefinitions.LoginPagesteps  - User Logged in Succesfully
4257 [TestNG-test-Ecommerce login-1] INFO stepDefinitions.LoginPagesteps  - User Logged in Succesfully
  Then I should be logged in Succesfully                                                  # stepDefinitions.LoginPagesteps.i_should_be_logged_in_succesfully()
  When i click on logout button                                                           # stepDefinitions.LoginPagesteps.i_click_on_logout_button()
  Then I should be logged out Successfully                                                # stepDefinitions.LoginPagesteps.i_should_be_logged_out_successfully()
      org.openqa.selenium.NoSuchElementException: no such element: Unable to locate element: {"method":"css selector","selector":"*[name='login-button']"}
  (Session info: MicrosoftEdge=132.0.2957.140)
For documentation on this error, please visit: https://www.selenium.dev/documentation/webdriver/troubleshooting/errors#no-such-element-exception
Build info: version: '4.27.0', revision: 'd6e718d134'
System info: os.name: 'Windows 11', os.arch: 'amd64', os.version: '10.0', java.version: '21.0.6'
Driver info: org.openqa.selenium.edge.EdgeDriver
Command: [a48455b76d86eeccac4a5ba5052a7040, findElement {value=*[name='login-button'], using=css selector}]
Capabilities {acceptInsecureCerts: false, browserName: MicrosoftEdge, browserVersion: 132.0.2957.140, fedcm:accounts: true, ms:edgeOptions: {debuggerAddress: localhost:51182}, msedge: {msedgedriverVersion: 132.0.2957.164 (37b624ca592..., userDataDir: C:\Users\91960\AppData\Loca...}, networkConnectionEnabled: false, pageLoadStrategy: normal, platformName: windows, proxy: Proxy(), se:cdp: ws://localhost:51182/devtoo..., se:cdpVersion: 132.0.2957.140, setWindowRect: true, strictFileInteractability: false, timeouts: {implicit: 0, pageLoad: 300000, script: 30000}, unhandledPromptBehavior: dismiss and notify, webauthn:extension:credBlob: true, webauthn:extension:largeBlob: true, webauthn:extension:minPinLength: true, webauthn:extension:prf: true, webauthn:virtualAuthenticators: true}
Session ID: a48455b76d86eeccac4a5ba5052a7040
	at java.base/jdk.internal.reflect.DirectConstructorHandleAccessor.newInstance(DirectConstructorHandleAccessor.java:62)
	at java.base/java.lang.reflect.Constructor.newInstanceWithCaller(Constructor.java:502)
	at java.base/java.lang.reflect.Constructor.newInstance(Constructor.java:486)
	at org.openqa.selenium.remote.ErrorCodec.decode(ErrorCodec.java:167)
	at org.openqa.selenium.remote.codec.w3c.W3CHttpResponseCodec.decode(W3CHttpResponseCodec.java:138)
	at org.openqa.selenium.remote.codec.w3c.W3CHttpResponseCodec.decode(W3CHttpResponseCodec.java:50)
	at org.openqa.selenium.remote.HttpCommandExecutor.execute(HttpCommandExecutor.java:190)
	at org.openqa.selenium.remote.service.DriverCommandExecutor.invokeExecute(DriverCommandExecutor.java:216)
	at org.openqa.selenium.remote.service.DriverCommandExecutor.execute(DriverCommandExecutor.java:174)
	at org.openqa.selenium.remote.RemoteWebDriver.execute(RemoteWebDriver.java:545)
	at org.openqa.selenium.remote.ElementLocation$ElementFinder$2.findElement(ElementLocation.java:165)
	at org.openqa.selenium.remote.ElementLocation.findElement(ElementLocation.java:59)
	at org.openqa.selenium.remote.RemoteWebDriver.findElement(RemoteWebDriver.java:368)
	at org.openqa.selenium.remote.RemoteWebDriver.findElement(RemoteWebDriver.java:362)
	at org.openqa.selenium.By$PreW3CLocator.findElement(By.java:430)
	at org.openqa.selenium.By$ByName.findElement(By.java:237)
	at org.openqa.selenium.support.ByIdOrName.findElement(ByIdOrName.java:49)
	at org.openqa.selenium.remote.ElementLocation$ElementFinder$1.findElement(ElementLocation.java:139)
	at org.openqa.selenium.remote.ElementLocation.findElement(ElementLocation.java:59)
	at org.openqa.selenium.remote.RemoteWebDriver.findElement(RemoteWebDriver.java:368)
	at org.openqa.selenium.remote.RemoteWebDriver.findElement(RemoteWebDriver.java:362)
	at org.openqa.selenium.support.pagefactory.DefaultElementLocator.findElement(DefaultElementLocator.java:68)
	at org.openqa.selenium.support.pagefactory.internal.LocatingElementHandler.invoke(LocatingElementHandler.java:38)
	at jdk.proxy2/jdk.proxy2.$Proxy24.isEnabled(Unknown Source)
	at uiPages.LoginPage.checkloginPage(LoginPage.java:86)
	at stepDefinitions.LoginPagesteps.i_should_be_logged_out_successfully(LoginPagesteps.java:76)
	at ✽.I should be logged out Successfully(file:///D:/SeleniumAutomation/EcommerceStore/src/test/resources/features/LoginPage.feature:15)


    Embedding screenshot [image/png 180834 bytes]

]]></system-out>
    <system-err><![CDATA[SLF4J: Failed to load class "org.slf4j.impl.StaticLoggerBinder".
SLF4J: Defaulting to no-operation (NOP) logger implementation
SLF4J: See http://www.slf4j.org/codes.html#StaticLoggerBinder for further details.
Feb 15, 2025 11:30:41 AM org.openqa.selenium.devtools.CdpVersionFinder findNearestMatch
WARNING: Unable to find an exact match for CDP version 132, returning the closest version; found: 131; Please update to a Selenium version that supports CDP version 132
]]></system-err>
  </testcase>
  <testcase name="runScenario[&quot;User login is denied with invalid username or password&quot;, &quot;Login Functionality for Ecommerce.&quot;](2)" classname="testRunners.LoginPageRunner" time="5.07">
    <system-out><![CDATA[
Scenario Outline: User login is denied with invalid username or password                      # src/test/resources/features/LoginPage.feature:24
2025-02-15 11:31:01 INFO  TestBase:49 - driver will launch in Edge Browser
 21364 [TestNG-test-Ecommerce login-1] INFO helper.TestBase  - driver will launch in Edge Browser
21364 [TestNG-test-Ecommerce login-1] INFO helper.TestBase  - driver will launch in Edge Browser
21364 [TestNG-test-Ecommerce login-1] INFO helper.TestBase  - driver will launch in Edge Browser
2025-02-15 11:31:04 INFO  TestBase:64 - Browser Launched with a title: Swag Labs
 24722 [TestNG-test-Ecommerce login-1] INFO helper.TestBase  - Browser Launched with a title: Swag Labs
24722 [TestNG-test-Ecommerce login-1] INFO helper.TestBase  - Browser Launched with a title: Swag Labs
24722 [TestNG-test-Ecommerce login-1] INFO helper.TestBase  - Browser Launched with a title: Swag Labs
  Given I am on the login page                                                                # stepDefinitions.LoginPagesteps.i_am_on_the_login_page()
  Given I have entered a  userName as "locked_out_user" and Password as "secret_sauce"        # stepDefinitions.LoginPagesteps.i_have_entered_a_user_name_as_and_password_as(java.lang.String,java.lang.String)
  When I click on login button                                                                # stepDefinitions.LoginPagesteps.i_click_on_login_button()
2025-02-15 11:31:04 INFO  LoginPagesteps:91 - User not elegible to login
 25104 [TestNG-test-Ecommerce login-1] INFO stepDefinitions.LoginPagesteps  - User not elegible to login
25104 [TestNG-test-Ecommerce login-1] INFO stepDefinitions.LoginPagesteps  - User not elegible to login
25104 [TestNG-test-Ecommerce login-1] INFO stepDefinitions.LoginPagesteps  - User not elegible to login
25104 [TestNG-test-Ecommerce login-1] INFO stepDefinitions.LoginPagesteps  - User not elegible to login
  Then I should get an error message as "Epic sadface: Sorry, this user has been locked out." # stepDefinitions.LoginPagesteps.i_should_get_an_error_message(java.lang.String)
]]></system-out>
    <system-err><![CDATA[Feb 15, 2025 11:31:02 AM org.openqa.selenium.devtools.CdpVersionFinder findNearestMatch
WARNING: Unable to find an exact match for CDP version 132, returning the closest version; found: 131; Please update to a Selenium version that supports CDP version 132
]]></system-err>
  </testcase>
  <testcase name="runScenario[&quot;User login is denied with invalid username or password&quot;, &quot;Login Functionality for Ecommerce.&quot;](3)" classname="testRunners.LoginPageRunner" time="5.288">
    <system-out><![CDATA[
Scenario Outline: User login is denied with invalid username or password                                            # src/test/resources/features/LoginPage.feature:25
2025-02-15 11:31:06 INFO  TestBase:49 - driver will launch in Edge Browser
 26420 [TestNG-test-Ecommerce login-1] INFO helper.TestBase  - driver will launch in Edge Browser
26420 [TestNG-test-Ecommerce login-1] INFO helper.TestBase  - driver will launch in Edge Browser
26420 [TestNG-test-Ecommerce login-1] INFO helper.TestBase  - driver will launch in Edge Browser
26420 [TestNG-test-Ecommerce login-1] INFO helper.TestBase  - driver will launch in Edge Browser
26420 [TestNG-test-Ecommerce login-1] INFO helper.TestBase  - driver will launch in Edge Browser
2025-02-15 11:31:09 INFO  TestBase:64 - Browser Launched with a title: Swag Labs
 30068 [TestNG-test-Ecommerce login-1] INFO helper.TestBase  - Browser Launched with a title: Swag Labs
30068 [TestNG-test-Ecommerce login-1] INFO helper.TestBase  - Browser Launched with a title: Swag Labs
30068 [TestNG-test-Ecommerce login-1] INFO helper.TestBase  - Browser Launched with a title: Swag Labs
30068 [TestNG-test-Ecommerce login-1] INFO helper.TestBase  - Browser Launched with a title: Swag Labs
30068 [TestNG-test-Ecommerce login-1] INFO helper.TestBase  - Browser Launched with a title: Swag Labs
  Given I am on the login page                                                                                      # stepDefinitions.LoginPagesteps.i_am_on_the_login_page()
  Given I have entered a  userName as "standard_user" and Password as "secret_sauce1"                               # stepDefinitions.LoginPagesteps.i_have_entered_a_user_name_as_and_password_as(java.lang.String,java.lang.String)
  When I click on login button                                                                                      # stepDefinitions.LoginPagesteps.i_click_on_login_button()
2025-02-15 11:31:10 INFO  LoginPagesteps:91 - User not elegible to login
 30392 [TestNG-test-Ecommerce login-1] INFO stepDefinitions.LoginPagesteps  - User not elegible to login
30392 [TestNG-test-Ecommerce login-1] INFO stepDefinitions.LoginPagesteps  - User not elegible to login
30392 [TestNG-test-Ecommerce login-1] INFO stepDefinitions.LoginPagesteps  - User not elegible to login
30392 [TestNG-test-Ecommerce login-1] INFO stepDefinitions.LoginPagesteps  - User not elegible to login
30392 [TestNG-test-Ecommerce login-1] INFO stepDefinitions.LoginPagesteps  - User not elegible to login
30392 [TestNG-test-Ecommerce login-1] INFO stepDefinitions.LoginPagesteps  - User not elegible to login
  Then I should get an error message as "Epic sadface: Username and password do not match any user in this service" # stepDefinitions.LoginPagesteps.i_should_get_an_error_message(java.lang.String)
]]></system-out>
    <system-err><![CDATA[Feb 15, 2025 11:31:07 AM org.openqa.selenium.devtools.CdpVersionFinder findNearestMatch
WARNING: Unable to find an exact match for CDP version 132, returning the closest version; found: 131; Please update to a Selenium version that supports CDP version 132
]]></system-err>
  </testcase>
</testsuite>