<?xml version="1.0" encoding="UTF-8"?>
<testng-results ignored="0" total="3" passed="3" failed="0" skipped="0">
  <reporter-output>
  </reporter-output>
  <suite started-at="2025-02-15T16:45:18 IST" name="Ecommerce Demo" finished-at="2025-02-15T16:45:46 IST" duration-ms="27688">
    <groups>
      <group name="cucumber">
        <method signature="AbstractTestNGCucumberTests.runScenario(io.cucumber.testng.PickleWrapper,io.cucumber.testng.FeatureWrapper)[pri:0, instance:testRunners.LoginPageRunner@368f2016]" name="runScenario" class="io.cucumber.testng.AbstractTestNGCucumberTests"/>
      </group> <!-- cucumber -->
    </groups>
    <test started-at="2025-02-15T16:45:18 IST" name="Ecommerce login" finished-at="2025-02-15T16:45:46 IST" duration-ms="27688">
      <class name="testRunners.LoginPageRunner">
        <test-method is-config="true" signature="setUpClass(org.testng.ITestContext)[pri:0, instance:testRunners.LoginPageRunner@368f2016]" started-at="2025-02-15T16:45:18 IST" name="setUpClass" finished-at="2025-02-15T16:45:19 IST" duration-ms="813" status="PASS">
          <params>
            <param index="0">
              <value>
                <![CDATA[org.testng.TestRunner@6bf0219d]]>
              </value>
            </param>
          </params>
          <reporter-output>
          </reporter-output>
        </test-method> <!-- setUpClass -->
        <test-method signature="runScenario(io.cucumber.testng.PickleWrapper,io.cucumber.testng.FeatureWrapper)[pri:0, instance:testRunners.LoginPageRunner@368f2016]" started-at="2025-02-15T16:45:19 IST" name="runScenario" description="Runs Cucumber Scenarios" data-provider="scenarios" finished-at="2025-02-15T16:45:31 IST" duration-ms="12033" status="PASS">
          <params>
            <param index="0">
              <value>
                <![CDATA["User should be logged in successfully with valid credentials"]]>
              </value>
            </param>
            <param index="1">
              <value>
                <![CDATA["Login Functionality for Ecommerce."]]>
              </value>
            </param>
          </params>
          <reporter-output>
          </reporter-output>
        </test-method> <!-- runScenario -->
        <test-method signature="runScenario(io.cucumber.testng.PickleWrapper,io.cucumber.testng.FeatureWrapper)[pri:0, instance:testRunners.LoginPageRunner@368f2016]" started-at="2025-02-15T16:45:31 IST" name="runScenario" description="Runs Cucumber Scenarios" data-provider="scenarios" finished-at="2025-02-15T16:45:35 IST" duration-ms="3852" status="PASS">
          <params>
            <param index="0">
              <value>
                <![CDATA["User login is denied with invalid username or password"]]>
              </value>
            </param>
            <param index="1">
              <value>
                <![CDATA["Login Functionality for Ecommerce."]]>
              </value>
            </param>
          </params>
          <reporter-output>
          </reporter-output>
        </test-method> <!-- runScenario -->
        <test-method signature="runScenario(io.cucumber.testng.PickleWrapper,io.cucumber.testng.FeatureWrapper)[pri:0, instance:testRunners.LoginPageRunner@368f2016]" started-at="2025-02-15T16:45:35 IST" name="runScenario" description="Runs Cucumber Scenarios" data-provider="scenarios" finished-at="2025-02-15T16:45:39 IST" duration-ms="4621" status="PASS">
          <params>
            <param index="0">
              <value>
                <![CDATA["User login is denied with invalid username or password"]]>
              </value>
            </param>
            <param index="1">
              <value>
                <![CDATA["Login Functionality for Ecommerce."]]>
              </value>
            </param>
          </params>
          <reporter-output>
          </reporter-output>
        </test-method> <!-- runScenario -->
        <test-method is-config="true" signature="tearDownClass()[pri:0, instance:testRunners.LoginPageRunner@368f2016]" started-at="2025-02-15T16:45:39 IST" name="tearDownClass" finished-at="2025-02-15T16:45:46 IST" duration-ms="6325" status="PASS">
          <reporter-output>
          </reporter-output>
        </test-method> <!-- tearDownClass -->
      </class> <!-- testRunners.LoginPageRunner -->
    </test> <!-- Ecommerce login -->
  </suite> <!-- Ecommerce Demo -->
</testng-results>
